生成启动时间为 2018/10/24 21:07:11。
     1>项目“C:\Users\sun\Desktop\111\ConsoleApplication8\ConsoleApplication8\ConsoleApplication8.vcxproj”在节点 2 上(Build 个目标)。
     1>ClCompile:
         F:\Program Files (x86)\Microsoft Visual Studio 11.0\VC\bin\CL.exe /c /ZI /nologo /W3 /WX- /Od /Oy- /D WIN32 /D _DEBUG /D _CONSOLE /D _UNICODE /D UNICODE /Gm /EHsc /RTC1 /MDd /GS /fp:precise /Zc:wchar_t /Zc:forScope /Fo"Debug\\" /Fd"Debug\vc110.pdb" /Gd /TC /analyze- /errorReport:prompt "源.c"
         源.c
     1>c:\users\sun\desktop\111\consoleapplication8\consoleapplication8\源.c(6): warning C4244: “函数”: 从“time_t”转换到“unsigned int”，可能丢失数据
     1>c:\users\sun\desktop\111\consoleapplication8\consoleapplication8\源.c(8): error C2143: 语法错误 : 缺少“;”(在“类型”的前面)
     1>c:\users\sun\desktop\111\consoleapplication8\consoleapplication8\源.c(9): error C2143: 语法错误 : 缺少“;”(在“类型”的前面)
     1>c:\users\sun\desktop\111\consoleapplication8\consoleapplication8\源.c(10): error C2065: “hp1”: 未声明的标识符
     1>c:\users\sun\desktop\111\consoleapplication8\consoleapplication8\源.c(10): error C2065: “hp2”: 未声明的标识符
     1>c:\users\sun\desktop\111\consoleapplication8\consoleapplication8\源.c(12): error C2065: “att1”: 未声明的标识符
     1>c:\users\sun\desktop\111\consoleapplication8\consoleapplication8\源.c(13): error C2065: “att2”: 未声明的标识符
     1>c:\users\sun\desktop\111\consoleapplication8\consoleapplication8\源.c(14): error C2065: “hp2”: 未声明的标识符
     1>c:\users\sun\desktop\111\consoleapplication8\consoleapplication8\源.c(14): error C2065: “att1”: 未声明的标识符
     1>c:\users\sun\desktop\111\consoleapplication8\consoleapplication8\源.c(15): error C2065: “hp1”: 未声明的标识符
     1>c:\users\sun\desktop\111\consoleapplication8\consoleapplication8\源.c(15): error C2065: “att2”: 未声明的标识符
     1>c:\users\sun\desktop\111\consoleapplication8\consoleapplication8\源.c(17): error C2065: “att1”: 未声明的标识符
     1>c:\users\sun\desktop\111\consoleapplication8\consoleapplication8\源.c(17): error C2065: “hp2”: 未声明的标识符
     1>c:\users\sun\desktop\111\consoleapplication8\consoleapplication8\源.c(18): error C2065: “att2”: 未声明的标识符
     1>c:\users\sun\desktop\111\consoleapplication8\consoleapplication8\源.c(18): error C2065: “hp1”: 未声明的标识符
     1>c:\users\sun\desktop\111\consoleapplication8\consoleapplication8\源.c(22): error C2065: “hp1”: 未声明的标识符
     1>c:\users\sun\desktop\111\consoleapplication8\consoleapplication8\源.c(22): error C2065: “hp2”: 未声明的标识符
     1>已完成生成项目“C:\Users\sun\Desktop\111\ConsoleApplication8\ConsoleApplication8\ConsoleApplication8.vcxproj”(Build 个目标)的操作 - 失败。

生成失败。

已用时间 00:00:00.38
